android/app/build/intermediates/manifest_merge_blame_file/debug/manifest-merger-blame-debug-report.txt
1<?xml version="1.0" encoding="utf-8"?>
2<manifest xmlns:android="http://schemas.android.com/apk/res/android"
3    package="com.vchains"
4    android:versionCode="1"
5    android:versionName="1.0" >
6
7    <uses-sdk
8        android:minSdkVersion="16"
9        android:targetSdkVersion="29" />
10
11    <uses-permission android:name="android.permission.SYSTEM_ALERT_WINDOW" />
11-->src/debug/AndroidManifest.xml:5:5-77
11-->src/debug/AndroidManifest.xml:5:22-75
12    <uses-permission android:name="android.permission.INTERNET" />
12-->src/main/AndroidManifest.xml:4:3-65
12-->src/main/AndroidManifest.xml:4:20-62
13    <uses-permission android:name="android.permission.CAMERA" />
13-->src/main/AndroidManifest.xml:5:5-64
13-->src/main/AndroidManifest.xml:5:22-62
14    <uses-permission android:name="android.permission.RECEIVE_BOOT_COMPLETED" />
14-->src/main/AndroidManifest.xml:6:7-83
14-->src/main/AndroidManifest.xml:6:24-80
15    <uses-permission android:name="android.permission.VIBRATE" />
15-->src/main/AndroidManifest.xml:7:9-70
15-->src/main/AndroidManifest.xml:7:26-67
16
17    <uses-feature
17-->src/main/AndroidManifest.xml:9:5-85
18        android:name="android.hardware.camera"
18-->src/main/AndroidManifest.xml:9:19-57
19        android:required="false" />
19-->src/main/AndroidManifest.xml:9:58-82
20    <uses-feature
20-->src/main/AndroidManifest.xml:10:5-91
21        android:name="android.hardware.camera.front"
21-->src/main/AndroidManifest.xml:10:19-63
22        android:required="false" />
22-->src/main/AndroidManifest.xml:10:64-88
23
24    <uses-permission android:name="android.permission.ACCESS_WIFI_STATE" />
24-->[com.facebook.flipper:flipper:0.37.0] AndroidManifest.xml:16:5-76
24-->[com.facebook.flipper:flipper:0.37.0] AndroidManifest.xml:16:22-73
25    <uses-permission android:name="android.permission.WAKE_LOCK" />
25-->[:react-native-firebase_messaging] AndroidManifest.xml:12:5-68
25-->[:react-native-firebase_messaging] AndroidManifest.xml:12:22-65
26    <uses-permission android:name="android.permission.ACCESS_NETWORK_STATE" />
26-->[:react-native-firebase_messaging] AndroidManifest.xml:13:5-79
26-->[:react-native-firebase_messaging] AndroidManifest.xml:13:22-76
27    <uses-permission android:name="android.permission.WRITE_EXTERNAL_STORAGE" /> <!-- Required by older versions of Google Play services to create IID tokens -->
27-->[:react-native-image-crop-picker] AndroidManifest.xml:10:5-81
27-->[:react-native-image-crop-picker] AndroidManifest.xml:10:22-78
28    <uses-permission android:name="com.google.android.c2dm.permission.RECEIVE" />
28-->[com.google.firebase:firebase-iid:20.3.0] AndroidManifest.xml:26:5-82
28-->[com.google.firebase:firebase-iid:20.3.0] AndroidManifest.xml:26:22-79
29    <uses-permission android:name="com.google.android.finsky.permission.BIND_GET_INSTALL_REFERRER_SERVICE" /> <!-- for android -->
29-->[com.google.android.gms:play-services-measurement:17.4.3] AndroidManifest.xml:26:5-110
29-->[com.google.android.gms:play-services-measurement:17.4.3] AndroidManifest.xml:26:22-107
30    <!-- <uses-permission android:name="com.android.launcher.permission.READ_SETTINGS"/> -->
31    <!-- <uses-permission android:name="com.android.launcher.permission.WRITE_SETTINGS"/> -->
32    <!-- <uses-permission android:name="com.android.launcher.permission.INSTALL_SHORTCUT" /> -->
33    <!-- <uses-permission android:name="com.android.launcher.permission.UNINSTALL_SHORTCUT" /> -->
34    <!-- for Samsung -->
35    <uses-permission android:name="com.sec.android.provider.badge.permission.READ" />
35-->[me.leolin:ShortcutBadger:1.1.22] AndroidManifest.xml:19:5-86
35-->[me.leolin:ShortcutBadger:1.1.22] AndroidManifest.xml:19:22-83
36    <uses-permission android:name="com.sec.android.provider.badge.permission.WRITE" /> <!-- for htc -->
36-->[me.leolin:ShortcutBadger:1.1.22] AndroidManifest.xml:20:5-87
36-->[me.leolin:ShortcutBadger:1.1.22] AndroidManifest.xml:20:22-84
37    <uses-permission android:name="com.htc.launcher.permission.READ_SETTINGS" />
37-->[me.leolin:ShortcutBadger:1.1.22] AndroidManifest.xml:23:5-81
37-->[me.leolin:ShortcutBadger:1.1.22] AndroidManifest.xml:23:22-78
38    <uses-permission android:name="com.htc.launcher.permission.UPDATE_SHORTCUT" /> <!-- for sony -->
38-->[me.leolin:ShortcutBadger:1.1.22] AndroidManifest.xml:24:5-83
38-->[me.leolin:ShortcutBadger:1.1.22] AndroidManifest.xml:24:22-80
39    <uses-permission android:name="com.sonyericsson.home.permission.BROADCAST_BADGE" />
39-->[me.leolin:ShortcutBadger:1.1.22] AndroidManifest.xml:27:5-88
39-->[me.leolin:ShortcutBadger:1.1.22] AndroidManifest.xml:27:22-85
40    <uses-permission android:name="com.sonymobile.home.permission.PROVIDER_INSERT_BADGE" /> <!-- for apex -->
40-->[me.leolin:ShortcutBadger:1.1.22] AndroidManifest.xml:28:5-92
40-->[me.leolin:ShortcutBadger:1.1.22] AndroidManifest.xml:28:22-89
41    <uses-permission android:name="com.anddoes.launcher.permission.UPDATE_COUNT" /> <!-- for solid -->
41-->[me.leolin:ShortcutBadger:1.1.22] AndroidManifest.xml:31:5-84
41-->[me.leolin:ShortcutBadger:1.1.22] AndroidManifest.xml:31:22-81
42    <uses-permission android:name="com.majeur.launcher.permission.UPDATE_BADGE" /> <!-- for huawei -->
42-->[me.leolin:ShortcutBadger:1.1.22] AndroidManifest.xml:34:5-83
42-->[me.leolin:ShortcutBadger:1.1.22] AndroidManifest.xml:34:22-80
43    <uses-permission android:name="com.huawei.android.launcher.permission.CHANGE_BADGE" />
43-->[me.leolin:ShortcutBadger:1.1.22] AndroidManifest.xml:37:5-91
43-->[me.leolin:ShortcutBadger:1.1.22] AndroidManifest.xml:37:22-88
44    <uses-permission android:name="com.huawei.android.launcher.permission.READ_SETTINGS" />
44-->[me.leolin:ShortcutBadger:1.1.22] AndroidManifest.xml:38:5-92
44-->[me.leolin:ShortcutBadger:1.1.22] AndroidManifest.xml:38:22-89
45    <uses-permission android:name="com.huawei.android.launcher.permission.WRITE_SETTINGS" /> <!-- for ZUK -->
45-->[me.leolin:ShortcutBadger:1.1.22] AndroidManifest.xml:39:5-93
45-->[me.leolin:ShortcutBadger:1.1.22] AndroidManifest.xml:39:22-90
46    <uses-permission android:name="android.permission.READ_APP_BADGE" /> <!-- for OPPO -->
46-->[me.leolin:ShortcutBadger:1.1.22] AndroidManifest.xml:42:5-73
46-->[me.leolin:ShortcutBadger:1.1.22] AndroidManifest.xml:42:22-70
47    <uses-permission android:name="com.oppo.launcher.permission.READ_SETTINGS" />
47-->[me.leolin:ShortcutBadger:1.1.22] AndroidManifest.xml:45:5-82
47-->[me.leolin:ShortcutBadger:1.1.22] AndroidManifest.xml:45:22-79
48    <uses-permission android:name="com.oppo.launcher.permission.WRITE_SETTINGS" /> <!-- for EvMe -->
48-->[me.leolin:ShortcutBadger:1.1.22] AndroidManifest.xml:46:5-83
48-->[me.leolin:ShortcutBadger:1.1.22] AndroidManifest.xml:46:22-80
49    <uses-permission android:name="me.everything.badger.permission.BADGE_COUNT_READ" />
49-->[me.leolin:ShortcutBadger:1.1.22] AndroidManifest.xml:49:5-88
49-->[me.leolin:ShortcutBadger:1.1.22] AndroidManifest.xml:49:22-85
50    <uses-permission android:name="me.everything.badger.permission.BADGE_COUNT_WRITE" />
50-->[me.leolin:ShortcutBadger:1.1.22] AndroidManifest.xml:50:5-89
50-->[me.leolin:ShortcutBadger:1.1.22] AndroidManifest.xml:50:22-86
51
52    <application
52-->src/main/AndroidManifest.xml:16:5-38:19
53        android:name="com.vchains.MainApplication"
53-->src/main/AndroidManifest.xml:17:7-38
54        android:allowBackup="false"
54-->src/main/AndroidManifest.xml:20:7-34
55        android:appComponentFactory="androidx.core.app.CoreComponentFactory"
55-->[androidx.core:core:1.1.0] AndroidManifest.xml:24:18-86
56        android:debuggable="true"
57        android:icon="@mipmap/ic_launcher"
57-->src/main/AndroidManifest.xml:19:7-41
58        android:label="@string/app_name"
58-->src/main/AndroidManifest.xml:18:7-39
59        android:testOnly="true"
60        android:theme="@style/AppTheme"
60-->src/main/AndroidManifest.xml:21:7-38
61        android:usesCleartextTraffic="true" >
61-->src/main/AndroidManifest.xml:22:7-42
62        <activity
62-->src/main/AndroidManifest.xml:24:7-35:18
63            android:name="com.vchains.MainActivity"
63-->src/main/AndroidManifest.xml:25:9-37
64            android:configChanges="keyboard|keyboardHidden|orientation|screenSize|uiMode"
64-->src/main/AndroidManifest.xml:27:9-86
65            android:label="@string/app_name"
65-->src/main/AndroidManifest.xml:26:9-41
66            android:launchMode="singleTask"
66-->src/main/AndroidManifest.xml:29:9-40
67            android:screenOrientation="portrait"
67-->src/main/AndroidManifest.xml:28:9-45
68            android:windowSoftInputMode="adjustResize" >
68-->src/main/AndroidManifest.xml:30:9-51
69            <intent-filter>
69-->src/main/AndroidManifest.xml:31:9-34:25
70                <action android:name="android.intent.action.MAIN" />
70-->src/main/AndroidManifest.xml:32:13-65
70-->src/main/AndroidManifest.xml:32:21-62
71
72                <category android:name="android.intent.category.LAUNCHER" />
72-->src/main/AndroidManifest.xml:33:13-73
72-->src/main/AndroidManifest.xml:33:23-70
73            </intent-filter>
74        </activity>
75        <activity android:name="com.facebook.react.devsupport.DevSettingsActivity" />
75-->src/main/AndroidManifest.xml:36:7-84
75-->src/main/AndroidManifest.xml:36:17-81
76
77        <service android:name="io.invertase.firebase.messaging.ReactNativeFirebaseMessagingHeadlessService" />
77-->[:react-native-firebase_messaging] AndroidManifest.xml:16:9-111
77-->[:react-native-firebase_messaging] AndroidManifest.xml:16:18-108
78        <service
78-->[:react-native-firebase_messaging] AndroidManifest.xml:17:9-23:19
79            android:name="io.invertase.firebase.messaging.ReactNativeFirebaseMessagingService"
79-->[:react-native-firebase_messaging] AndroidManifest.xml:18:13-95
80            android:exported="false" >
80-->[:react-native-firebase_messaging] AndroidManifest.xml:19:13-37
81            <intent-filter>
81-->[:react-native-firebase_messaging] AndroidManifest.xml:20:13-22:29
82                <action android:name="com.google.firebase.MESSAGING_EVENT" />
82-->[:react-native-firebase_messaging] AndroidManifest.xml:21:17-78
82-->[:react-native-firebase_messaging] AndroidManifest.xml:21:25-75
83            </intent-filter>
84        </service>
85
86        <receiver
86-->[:react-native-firebase_messaging] AndroidManifest.xml:25:9-32:20
87            android:name="io.invertase.firebase.messaging.ReactNativeFirebaseMessagingReceiver"
87-->[:react-native-firebase_messaging] AndroidManifest.xml:26:13-96
88            android:exported="true"
88-->[:react-native-firebase_messaging] AndroidManifest.xml:27:13-36
89            android:permission="com.google.android.c2dm.permission.SEND" >
89-->[:react-native-firebase_messaging] AndroidManifest.xml:28:13-73
90            <intent-filter>
90-->[:react-native-firebase_messaging] AndroidManifest.xml:29:13-31:29
91                <action android:name="com.google.android.c2dm.intent.RECEIVE" />
91-->[:react-native-firebase_messaging] AndroidManifest.xml:30:17-81
91-->[:react-native-firebase_messaging] AndroidManifest.xml:30:25-78
92            </intent-filter>
93        </receiver>
94
95        <meta-data
95-->[:react-native-firebase_messaging] AndroidManifest.xml:34:9-36:36
96            android:name="firebase_messaging_auto_init_enabled"
96-->[:react-native-firebase_messaging] AndroidManifest.xml:35:13-64
97            android:value="true" />
97-->[:react-native-firebase_messaging] AndroidManifest.xml:36:13-33
98        <meta-data
98-->[:react-native-firebase_messaging] AndroidManifest.xml:37:9-39:32
99            android:name="com.google.firebase.messaging.default_notification_channel_id"
99-->[:react-native-firebase_messaging] AndroidManifest.xml:38:13-89
100            android:value="" />
100-->[:react-native-firebase_messaging] AndroidManifest.xml:39:13-29
101        <meta-data
101-->[:react-native-firebase_messaging] AndroidManifest.xml:40:9-42:47
102            android:name="com.google.firebase.messaging.default_notification_color"
102-->[:react-native-firebase_messaging] AndroidManifest.xml:41:13-84
103            android:resource="@color/white" />
103-->[:react-native-firebase_messaging] AndroidManifest.xml:42:13-44
104
105        <provider
105-->[:react-native-image-crop-picker] AndroidManifest.xml:13:9-21:20
106            android:name="androidx.core.content.FileProvider"
106-->[:react-native-image-crop-picker] AndroidManifest.xml:14:13-62
107            android:authorities="com.vchains.provider"
107-->[:react-native-image-crop-picker] AndroidManifest.xml:15:13-60
108            android:exported="false"
108-->[:react-native-image-crop-picker] AndroidManifest.xml:16:13-37
109            android:grantUriPermissions="true" >
109-->[:react-native-image-crop-picker] AndroidManifest.xml:17:13-47
110            <meta-data
110-->[:react-native-image-crop-picker] AndroidManifest.xml:18:13-20:58
111                android:name="android.support.FILE_PROVIDER_PATHS"
111-->[:react-native-image-crop-picker] AndroidManifest.xml:19:17-67
112                android:resource="@xml/provider_paths" />
112-->[:react-native-image-crop-picker] AndroidManifest.xml:20:17-55
113        </provider>
114
115        <activity
115-->[:react-native-image-crop-picker] AndroidManifest.xml:23:9-25:72
116            android:name="com.yalantis.ucrop.UCropActivity"
116-->[:react-native-image-crop-picker] AndroidManifest.xml:24:13-60
117            android:theme="@style/Theme.AppCompat.Light.NoActionBar" />
117-->[:react-native-image-crop-picker] AndroidManifest.xml:25:13-69
118
119        <provider
119-->[:react-native-share] AndroidManifest.xml:12:9-20:20
120            android:name="cl.json.RNShareFileProvider"
120-->[:react-native-share] AndroidManifest.xml:13:13-55
121            android:authorities="com.vchains.rnshare.fileprovider"
121-->[:react-native-share] AndroidManifest.xml:14:13-72
122            android:exported="false"
122-->[:react-native-share] AndroidManifest.xml:15:13-37
123            android:grantUriPermissions="true" >
123-->[:react-native-share] AndroidManifest.xml:16:13-47
124            <meta-data
124-->[:react-native-image-crop-picker] AndroidManifest.xml:18:13-20:58
125                android:name="android.support.FILE_PROVIDER_PATHS"
125-->[:react-native-image-crop-picker] AndroidManifest.xml:19:17-67
126                android:resource="@xml/share_download_paths" />
126-->[:react-native-image-crop-picker] AndroidManifest.xml:20:17-55
127        </provider>
128        <provider
128-->[:react-native-webview] AndroidManifest.xml:12:9-20:20
129            android:name="com.reactnativecommunity.webview.RNCWebViewFileProvider"
129-->[:react-native-webview] AndroidManifest.xml:13:13-83
130            android:authorities="com.vchains.fileprovider"
130-->[:react-native-webview] AndroidManifest.xml:14:13-64
131            android:exported="false"
131-->[:react-native-webview] AndroidManifest.xml:15:13-37
132            android:grantUriPermissions="true" >
132-->[:react-native-webview] AndroidManifest.xml:16:13-47
133            <meta-data
133-->[:react-native-image-crop-picker] AndroidManifest.xml:18:13-20:58
134                android:name="android.support.FILE_PROVIDER_PATHS"
134-->[:react-native-image-crop-picker] AndroidManifest.xml:19:17-67
135                android:resource="@xml/file_provider_paths" />
135-->[:react-native-image-crop-picker] AndroidManifest.xml:20:17-55
136        </provider>
137        <!--
138             FirebaseMessagingService performs security checks at runtime,
139             but set to not exported to explicitly avoid allowing another app to call it.
140        -->
141        <service
141-->[com.google.firebase:firebase-messaging:20.3.0] AndroidManifest.xml:28:9-35:19
142            android:name="com.google.firebase.messaging.FirebaseMessagingService"
142-->[com.google.firebase:firebase-messaging:20.3.0] AndroidManifest.xml:29:13-82
143            android:directBootAware="true"
143-->[com.google.firebase:firebase-messaging:20.3.0] AndroidManifest.xml:30:13-43
144            android:exported="false" >
144-->[com.google.firebase:firebase-messaging:20.3.0] AndroidManifest.xml:31:13-37
145            <intent-filter android:priority="-500" >
145-->[:react-native-firebase_messaging] AndroidManifest.xml:20:13-22:29
146                <action android:name="com.google.firebase.MESSAGING_EVENT" />
146-->[:react-native-firebase_messaging] AndroidManifest.xml:21:17-78
146-->[:react-native-firebase_messaging] AndroidManifest.xml:21:25-75
147            </intent-filter>
148        </service>
149        <service
149-->[com.google.firebase:firebase-messaging:20.3.0] AndroidManifest.xml:36:9-42:19
150            android:name="com.google.firebase.components.ComponentDiscoveryService"
150-->[com.google.firebase:firebase-messaging:20.3.0] AndroidManifest.xml:37:13-84
151            android:directBootAware="true"
151-->[com.google.firebase:firebase-common:19.3.0] AndroidManifest.xml:34:13-43
152            android:exported="false" >
152-->[com.google.firebase:firebase-messaging:20.3.0] AndroidManifest.xml:38:13-37
153            <meta-data
153-->[com.google.firebase:firebase-messaging:20.3.0] AndroidManifest.xml:39:13-41:85
154                android:name="com.google.firebase.components:com.google.firebase.messaging.FirebaseMessagingRegistrar"
154-->[com.google.firebase:firebase-messaging:20.3.0] AndroidManifest.xml:40:17-119
155                android:value="com.google.firebase.components.ComponentRegistrar" />
155-->[com.google.firebase:firebase-messaging:20.3.0] AndroidManifest.xml:41:17-82
156            <meta-data
156-->[com.google.firebase:firebase-datatransport:17.0.3] AndroidManifest.xml:28:13-30:85
157                android:name="com.google.firebase.components:com.google.firebase.datatransport.TransportRegistrar"
157-->[com.google.firebase:firebase-datatransport:17.0.3] AndroidManifest.xml:29:17-115
158                android:value="com.google.firebase.components.ComponentRegistrar" />
158-->[com.google.firebase:firebase-datatransport:17.0.3] AndroidManifest.xml:30:17-82
159            <meta-data
159-->[com.google.android.gms:play-services-measurement-api:17.4.3] AndroidManifest.xml:30:13-32:85
160                android:name="com.google.firebase.components:com.google.firebase.analytics.connector.internal.AnalyticsConnectorRegistrar"
160-->[com.google.android.gms:play-services-measurement-api:17.4.3] AndroidManifest.xml:31:17-139
161                android:value="com.google.firebase.components.ComponentRegistrar" />
161-->[com.google.android.gms:play-services-measurement-api:17.4.3] AndroidManifest.xml:32:17-82
162            <meta-data
162-->[com.google.firebase:firebase-iid:20.3.0] AndroidManifest.xml:32:13-34:85
163                android:name="com.google.firebase.components:com.google.firebase.iid.Registrar"
163-->[com.google.firebase:firebase-iid:20.3.0] AndroidManifest.xml:33:17-96
164                android:value="com.google.firebase.components.ComponentRegistrar" />
164-->[com.google.firebase:firebase-iid:20.3.0] AndroidManifest.xml:34:17-82
165            <meta-data
165-->[com.google.firebase:firebase-installations:16.3.3] AndroidManifest.xml:17:13-19:85
166                android:name="com.google.firebase.components:com.google.firebase.installations.FirebaseInstallationsRegistrar"
166-->[com.google.firebase:firebase-installations:16.3.3] AndroidManifest.xml:18:17-127
167                android:value="com.google.firebase.components.ComponentRegistrar" />
167-->[com.google.firebase:firebase-installations:16.3.3] AndroidManifest.xml:19:17-82
168        </service>
169        <service
169-->[com.google.android.datatransport:transport-backend-cct:2.2.0] AndroidManifest.xml:29:9-35:19
170            android:name="com.google.android.datatransport.runtime.backends.TransportBackendDiscovery"
170-->[com.google.android.datatransport:transport-backend-cct:2.2.0] AndroidManifest.xml:30:13-103
171            android:exported="false" >
171-->[com.google.android.datatransport:transport-backend-cct:2.2.0] AndroidManifest.xml:31:13-37
172            <meta-data
172-->[com.google.android.datatransport:transport-backend-cct:2.2.0] AndroidManifest.xml:32:13-34:39
173                android:name="backend:com.google.android.datatransport.cct.CctBackendFactory"
173-->[com.google.android.datatransport:transport-backend-cct:2.2.0] AndroidManifest.xml:33:17-94
174                android:value="cct" />
174-->[com.google.android.datatransport:transport-backend-cct:2.2.0] AndroidManifest.xml:34:17-36
175        </service>
176        <service
176-->[com.google.android.datatransport:transport-runtime:2.2.0] AndroidManifest.xml:26:9-30:19
177            android:name="com.google.android.datatransport.runtime.scheduling.jobscheduling.JobInfoSchedulerService"
177-->[com.google.android.datatransport:transport-runtime:2.2.0] AndroidManifest.xml:27:13-117
178            android:exported="false"
178-->[com.google.android.datatransport:transport-runtime:2.2.0] AndroidManifest.xml:28:13-37
179            android:permission="android.permission.BIND_JOB_SERVICE" >
179-->[com.google.android.datatransport:transport-runtime:2.2.0] AndroidManifest.xml:29:13-69
180        </service>
181
182        <receiver
182-->[com.google.android.datatransport:transport-runtime:2.2.0] AndroidManifest.xml:32:9-34:40
183            android:name="com.google.android.datatransport.runtime.scheduling.jobscheduling.AlarmManagerSchedulerBroadcastReceiver"
183-->[com.google.android.datatransport:transport-runtime:2.2.0] AndroidManifest.xml:33:13-132
184            android:exported="false" />
184-->[com.google.android.datatransport:transport-runtime:2.2.0] AndroidManifest.xml:34:13-37
185
186        <meta-data
186-->[com.github.bumptech.glide:okhttp3-integration:4.11.0] AndroidManifest.xml:11:9-13:43
187            android:name="com.bumptech.glide.integration.okhttp3.OkHttpGlideModule"
187-->[com.github.bumptech.glide:okhttp3-integration:4.11.0] AndroidManifest.xml:12:13-84
188            android:value="GlideModule" />
188-->[com.github.bumptech.glide:okhttp3-integration:4.11.0] AndroidManifest.xml:13:13-40
189
190        <receiver
190-->[com.google.firebase:firebase-iid:20.3.0] AndroidManifest.xml:37:9-44:20
191            android:name="com.google.firebase.iid.FirebaseInstanceIdReceiver"
191-->[com.google.firebase:firebase-iid:20.3.0] AndroidManifest.xml:38:13-78
192            android:exported="true"
192-->[com.google.firebase:firebase-iid:20.3.0] AndroidManifest.xml:39:13-36
193            android:permission="com.google.android.c2dm.permission.SEND" >
193-->[com.google.firebase:firebase-iid:20.3.0] AndroidManifest.xml:40:13-73
194            <intent-filter>
194-->[:react-native-firebase_messaging] AndroidManifest.xml:29:13-31:29
195                <action android:name="com.google.android.c2dm.intent.RECEIVE" />
195-->[:react-native-firebase_messaging] AndroidManifest.xml:30:17-81
195-->[:react-native-firebase_messaging] AndroidManifest.xml:30:25-78
196            </intent-filter>
197        </receiver>
198
199        <provider
199-->[com.google.firebase:firebase-common:19.3.0] AndroidManifest.xml:26:9-30:39
200            android:name="com.google.firebase.provider.FirebaseInitProvider"
200-->[com.google.firebase:firebase-common:19.3.0] AndroidManifest.xml:27:13-77
201            android:authorities="com.vchains.firebaseinitprovider"
201-->[com.google.firebase:firebase-common:19.3.0] AndroidManifest.xml:28:13-72
202            android:exported="false"
202-->[com.google.firebase:firebase-common:19.3.0] AndroidManifest.xml:29:13-37
203            android:initOrder="100" />
203-->[com.google.firebase:firebase-common:19.3.0] AndroidManifest.xml:30:13-36
204
205        <receiver
205-->[com.google.android.gms:play-services-measurement:17.4.3] AndroidManifest.xml:29:9-33:20
206            android:name="com.google.android.gms.measurement.AppMeasurementReceiver"
206-->[com.google.android.gms:play-services-measurement:17.4.3] AndroidManifest.xml:30:13-85
207            android:enabled="true"
207-->[com.google.android.gms:play-services-measurement:17.4.3] AndroidManifest.xml:31:13-35
208            android:exported="false" >
208-->[com.google.android.gms:play-services-measurement:17.4.3] AndroidManifest.xml:32:13-37
209        </receiver>
210
211        <service
211-->[com.google.android.gms:play-services-measurement:17.4.3] AndroidManifest.xml:35:9-38:40
212            android:name="com.google.android.gms.measurement.AppMeasurementService"
212-->[com.google.android.gms:play-services-measurement:17.4.3] AndroidManifest.xml:36:13-84
213            android:enabled="true"
213-->[com.google.android.gms:play-services-measurement:17.4.3] AndroidManifest.xml:37:13-35
214            android:exported="false" />
214-->[com.google.android.gms:play-services-measurement:17.4.3] AndroidManifest.xml:38:13-37
215        <service
215-->[com.google.android.gms:play-services-measurement:17.4.3] AndroidManifest.xml:39:9-43:72
216            android:name="com.google.android.gms.measurement.AppMeasurementJobService"
216-->[com.google.android.gms:play-services-measurement:17.4.3] AndroidManifest.xml:40:13-87
217            android:enabled="true"
217-->[com.google.android.gms:play-services-measurement:17.4.3] AndroidManifest.xml:41:13-35
218            android:exported="false"
218-->[com.google.android.gms:play-services-measurement:17.4.3] AndroidManifest.xml:42:13-37
219            android:permission="android.permission.BIND_JOB_SERVICE" />
219-->[com.google.android.gms:play-services-measurement:17.4.3] AndroidManifest.xml:43:13-69
220
221        <activity
221-->[com.google.android.gms:play-services-base:17.0.0] AndroidManifest.xml:23:9-26:75
222            android:name="com.google.android.gms.common.api.GoogleApiActivity"
222-->[com.google.android.gms:play-services-base:17.0.0] AndroidManifest.xml:24:13-79
223            android:exported="false"
223-->[com.google.android.gms:play-services-base:17.0.0] AndroidManifest.xml:25:13-37
224            android:theme="@android:style/Theme.Translucent.NoTitleBar" />
224-->[com.google.android.gms:play-services-base:17.0.0] AndroidManifest.xml:26:13-72
225
226        <meta-data
226-->[com.google.android.gms:play-services-basement:17.0.0] AndroidManifest.xml:23:9-25:69
227            android:name="com.google.android.gms.version"
227-->[com.google.android.gms:play-services-basement:17.0.0] AndroidManifest.xml:24:13-58
228            android:value="@integer/google_play_services_version" />
228-->[com.google.android.gms:play-services-basement:17.0.0] AndroidManifest.xml:25:13-66
229    </application>
230
231</manifest>